<?xml version="1.0" encoding="UTF-8"?>
<!-- Generated by org.testng.reporters.JUnitReportReporter -->
<testsuite hostname="WIN-FO8P8688G06" failures="0" tests="2" name="com.example.AppTest" time="0.142" errors="0" timestamp="2025-09-24T11:10:45 IST" skipped="0">
  <testcase classname="com.example.AppTest" name="testAddition" time="0.142"/>
  <system-out/>
  <testcase classname="com.example.AppTest" name="testsub" time="0.000"/>
  <system-out/>
</testsuite> <!-- com.example.AppTest -->
